<?xml version="1.0" encoding="UTF-8"?>
<coverage generated="1508414115">
  <project timestamp="1508414115">
    <file name="/Users/miguel/Workspace/CyberREST/src/CyberREST.php">
      <class name="CyberConfig" namespace="global">
        <metrics complexity="1" methods="1" coveredmethods="1" conditionals="0" coveredconditionals="0" statements="4" coveredstatements="4" elements="5" coveredelements="5"/>
      </class>
      <class name="Environment" namespace="global">
        <metrics complexity="3" methods="2" coveredmethods="2" conditionals="0" coveredconditionals="0" statements="4" coveredstatements="4" elements="6" coveredelements="6"/>
      </class>
      <class name="OAuth" namespace="global">
        <metrics complexity="8" methods="5" coveredmethods="4" conditionals="0" coveredconditionals="0" statements="39" coveredstatements="37" elements="44" coveredelements="41"/>
      </class>
      <class name="CyberREST" namespace="global">
        <metrics complexity="80" methods="34" coveredmethods="19" conditionals="0" coveredconditionals="0" statements="165" coveredstatements="106" elements="199" coveredelements="125"/>
      </class>
      <line num="16" type="method" name="__construct" visibility="public" complexity="1" crap="1" count="5"/>
      <line num="17" type="stmt" count="5"/>
      <line num="18" type="stmt" count="5"/>
      <line num="19" type="stmt" count="5"/>
      <line num="20" type="stmt" count="5"/>
      <line num="24" type="method" name="getServer" visibility="public" complexity="1" crap="1" count="3"/>
      <line num="25" type="stmt" count="3"/>
      <line num="27" type="method" name="getServerVar" visibility="public" complexity="2" crap="2" count="6"/>
      <line num="28" type="stmt" count="6"/>
      <line num="29" type="stmt" count="6"/>
      <line num="31" type="stmt" count="6"/>
      <line num="40" type="method" name="setServerData" visibility="public" complexity="1" crap="1" count="5"/>
      <line num="41" type="stmt" count="5"/>
      <line num="42" type="stmt" count="5"/>
      <line num="43" type="stmt" count="5"/>
      <line num="45" type="method" name="__construct" visibility="public" complexity="1" crap="1" count="6"/>
      <line num="46" type="stmt" count="6"/>
      <line num="47" type="stmt" count="6"/>
      <line num="48" type="stmt" count="6"/>
      <line num="49" type="stmt" count="6"/>
      <line num="51" type="method" name="getAuthHeader" visibility="public" complexity="3" crap="3" count="3"/>
      <line num="52" type="stmt" count="3"/>
      <line num="54" type="stmt" count="3"/>
      <line num="55" type="stmt" count="3"/>
      <line num="56" type="stmt" count="1"/>
      <line num="57" type="stmt" count="2"/>
      <line num="58" type="stmt" count="1"/>
      <line num="60" type="stmt" count="3"/>
      <line num="64" type="method" name="authorizeRequest" visibility="public" complexity="2" crap="2.06" count="3"/>
      <line num="65" type="stmt" count="3"/>
      <line num="66" type="stmt" count="3"/>
      <line num="67" type="stmt" count="1"/>
      <line num="70" type="stmt" count="2"/>
      <line num="71" type="stmt" count="2"/>
      <line num="72" type="stmt" count="2"/>
      <line num="73" type="stmt" count="0"/>
      <line num="74" type="stmt" count="0"/>
      <line num="77" type="method" name="createToken" complexity="1" crap="1" count="2"/>
      <line num="78" type="stmt" count="2"/>
      <line num="79" type="stmt" count="2"/>
      <line num="80" type="stmt" count="2"/>
      <line num="81" type="stmt" count="2"/>
      <line num="82" type="stmt" count="2"/>
      <line num="85" type="stmt" count="2"/>
      <line num="86" type="stmt" count="2"/>
      <line num="87" type="stmt" count="2"/>
      <line num="88" type="stmt" count="2"/>
      <line num="89" type="stmt" count="2"/>
      <line num="90" type="stmt" count="2"/>
      <line num="92" type="stmt" count="2"/>
      <line num="94" type="stmt" count="2"/>
      <line num="95" type="stmt" count="2"/>
      <line num="96" type="stmt" count="2"/>
      <line num="97" type="stmt" count="2"/>
      <line num="99" type="stmt" count="2"/>
      <line num="118" type="method" name="__construct" visibility="public" complexity="2" crap="2" count="6"/>
      <line num="119" type="stmt" count="6"/>
      <line num="120" type="stmt" count="6"/>
      <line num="121" type="stmt" count="6"/>
      <line num="122" type="stmt" count="6"/>
      <line num="123" type="stmt" count="5"/>
      <line num="124" type="stmt" count="5"/>
      <line num="126" type="stmt" count="6"/>
      <line num="127" type="stmt" count="6"/>
      <line num="128" type="stmt" count="6"/>
      <line num="129" type="stmt" count="6"/>
      <line num="131" type="method" name="checkRefererWhiteList" visibility="public" complexity="2" crap="2" count="1"/>
      <line num="132" type="stmt" count="1"/>
      <line num="133" type="stmt" count="1"/>
      <line num="134" type="stmt" count="1"/>
      <line num="135" type="stmt" count="1"/>
      <line num="136" type="stmt" count="1"/>
      <line num="139" type="method" name="getApiStart" visibility="public" complexity="1" crap="1" count="1"/>
      <line num="140" type="stmt" count="1"/>
      <line num="143" type="method" name="getRequestParts" visibility="public" complexity="1" crap="1" count="1"/>
      <line num="144" type="stmt" count="1"/>
      <line num="147" type="method" name="getParameters" visibility="public" complexity="1" crap="1" count="1"/>
      <line num="148" type="stmt" count="1"/>
      <line num="151" type="method" name="getPatternParts" visibility="public" complexity="1" crap="2" count="0"/>
      <line num="152" type="stmt" count="0"/>
      <line num="155" type="method" name="get" visibility="public" complexity="1" crap="1" count="1"/>
      <line num="156" type="stmt" count="1"/>
      <line num="159" type="method" name="post" visibility="public" complexity="1" crap="2" count="0"/>
      <line num="160" type="stmt" count="0"/>
      <line num="163" type="method" name="put" visibility="public" complexity="1" crap="2" count="0"/>
      <line num="164" type="stmt" count="0"/>
      <line num="167" type="method" name="delete" visibility="public" complexity="1" crap="2" count="0"/>
      <line num="168" type="stmt" count="0"/>
      <line num="171" type="method" name="processRequest" visibility="private" complexity="2" crap="2.02" count="1"/>
      <line num="172" type="stmt" count="1"/>
      <line num="173" type="stmt" count="1"/>
      <line num="174" type="stmt" count="1"/>
      <line num="175" type="stmt" count="1"/>
      <line num="176" type="stmt" count="1"/>
      <line num="178" type="stmt" count="0"/>
      <line num="181" type="method" name="checkValidRequest" visibility="private" complexity="2" crap="2" count="1"/>
      <line num="182" type="stmt" count="1"/>
      <line num="185" type="method" name="isParameter" visibility="private" complexity="2" crap="2" count="1"/>
      <line num="186" type="stmt" count="1"/>
      <line num="187" type="stmt" count="1"/>
      <line num="188" type="stmt" count="1"/>
      <line num="191" type="method" name="cleanParameter" visibility="private" complexity="1" crap="1" count="1"/>
      <line num="192" type="stmt" count="1"/>
      <line num="195" type="method" name="storeParameterWithValue" visibility="private" complexity="1" crap="1" count="1"/>
      <line num="196" type="stmt" count="1"/>
      <line num="197" type="stmt" count="1"/>
      <line num="198" type="stmt" count="1"/>
      <line num="200" type="method" name="getURIParameters" visibility="private" complexity="3" crap="3" count="1"/>
      <line num="201" type="stmt" count="1"/>
      <line num="202" type="stmt" count="1"/>
      <line num="203" type="stmt" count="1"/>
      <line num="204" type="stmt" count="1"/>
      <line num="205" type="stmt" count="1"/>
      <line num="206" type="stmt" count="1"/>
      <line num="207" type="stmt" count="1"/>
      <line num="210" type="stmt" count="1"/>
      <line num="213" type="method" name="parsePattern" visibility="private" complexity="3" crap="3" count="1"/>
      <line num="214" type="stmt" count="1"/>
      <line num="215" type="stmt" count="1"/>
      <line num="216" type="stmt" count="1"/>
      <line num="217" type="stmt" count="1"/>
      <line num="218" type="stmt" count="1"/>
      <line num="220" type="stmt" count="1"/>
      <line num="223" type="method" name="checkPattern" visibility="private" complexity="5" crap="5.20" count="1"/>
      <line num="224" type="stmt" count="1"/>
      <line num="225" type="stmt" count="1"/>
      <line num="226" type="stmt" count="1"/>
      <line num="227" type="stmt" count="1"/>
      <line num="228" type="stmt" count="1"/>
      <line num="230" type="stmt" count="1"/>
      <line num="231" type="stmt" count="0"/>
      <line num="234" type="stmt" count="1"/>
      <line num="235" type="stmt" count="1"/>
      <line num="237" type="stmt" count="0"/>
      <line num="240" type="method" name="getClientIP" visibility="public" complexity="4" crap="4" count="1"/>
      <line num="241" type="stmt" count="1"/>
      <line num="242" type="stmt" count="1"/>
      <line num="243" type="stmt" count="1"/>
      <line num="244" type="stmt" count="1"/>
      <line num="245" type="stmt" count="1"/>
      <line num="246" type="stmt" count="1"/>
      <line num="247" type="stmt" count="1"/>
      <line num="248" type="stmt" count="1"/>
      <line num="249" type="stmt" count="1"/>
      <line num="250" type="stmt" count="1"/>
      <line num="252" type="stmt" count="1"/>
      <line num="255" type="method" name="getReferer" visibility="public" complexity="1" crap="1" count="1"/>
      <line num="256" type="stmt" count="1"/>
      <line num="259" type="method" name="response" visibility="public" complexity="2" crap="6" count="0"/>
      <line num="260" type="stmt" count="0"/>
      <line num="261" type="stmt" count="0"/>
      <line num="262" type="stmt" count="0"/>
      <line num="264" type="stmt" count="0"/>
      <line num="266" type="method" name="parseResponse" visibility="private" complexity="3" crap="12" count="0"/>
      <line num="267" type="stmt" count="0"/>
      <line num="268" type="stmt" count="0"/>
      <line num="269" type="stmt" count="0"/>
      <line num="271" type="stmt" count="0"/>
      <line num="274" type="method" name="getStatusMessage" visibility="private" complexity="2" crap="6" count="0"/>
      <line num="276" type="stmt" count="0"/>
      <line num="317" type="stmt" count="0"/>
      <line num="320" type="method" name="getRequestMethod" visibility="public" complexity="1" crap="1" count="6"/>
      <line num="321" type="stmt" count="6"/>
      <line num="324" type="method" name="inputs" visibility="private" complexity="5" crap="9.66" count="6"/>
      <line num="325" type="stmt" count="6"/>
      <line num="326" type="stmt" count="6"/>
      <line num="327" type="stmt" count="0"/>
      <line num="328" type="stmt" count="0"/>
      <line num="329" type="stmt" count="6"/>
      <line num="330" type="stmt" count="0"/>
      <line num="331" type="stmt" count="6"/>
      <line num="332" type="stmt" count="6"/>
      <line num="333" type="stmt" count="0"/>
      <line num="334" type="stmt" count="0"/>
      <line num="335" type="stmt" count="0"/>
      <line num="336" type="stmt" count="0"/>
      <line num="339" type="stmt" count="0"/>
      <line num="341" type="stmt" count="6"/>
      <line num="343" type="method" name="cleanInputs" visibility="private" complexity="4" crap="7.46" count="6"/>
      <line num="344" type="stmt" count="6"/>
      <line num="345" type="stmt" count="6"/>
      <line num="346" type="stmt" count="6"/>
      <line num="347" type="stmt" count="0"/>
      <line num="349" type="stmt" count="6"/>
      <line num="351" type="stmt" count="0"/>
      <line num="352" type="stmt" count="0"/>
      <line num="354" type="stmt" count="0"/>
      <line num="355" type="stmt" count="0"/>
      <line num="356" type="stmt" count="0"/>
      <line num="360" type="method" name="setHeaders" visibility="private" complexity="2" crap="6" count="0"/>
      <line num="361" type="stmt" count="0"/>
      <line num="362" type="stmt" count="0"/>
      <line num="363" type="stmt" count="0"/>
      <line num="365" type="stmt" count="0"/>
      <line num="367" type="method" name="parseIncomingParams" visibility="public" complexity="1" crap="1" count="6"/>
      <line num="368" type="stmt" count="6"/>
      <line num="369" type="stmt" count="6"/>
      <line num="370" type="stmt" count="6"/>
      <line num="371" type="stmt" count="6"/>
      <line num="374" type="method" name="parseGETParams" visibility="private" complexity="1" crap="1" count="6"/>
      <line num="375" type="stmt" count="6"/>
      <line num="376" type="stmt" count="6"/>
      <line num="377" type="stmt" count="6"/>
      <line num="378" type="stmt" count="6"/>
      <line num="381" type="method" name="parseParams" visibility="private" complexity="8" crap="41.95" count="6"/>
      <line num="382" type="stmt" count="6"/>
      <line num="383" type="stmt" count="6"/>
      <line num="384" type="stmt" count="6"/>
      <line num="385" type="stmt" count="6"/>
      <line num="387" type="stmt" count="0"/>
      <line num="388" type="stmt" count="0"/>
      <line num="389" type="stmt" count="0"/>
      <line num="390" type="stmt" count="0"/>
      <line num="391" type="stmt" count="0"/>
      <line num="393" type="stmt" count="0"/>
      <line num="394" type="stmt" count="0"/>
      <line num="395" type="stmt" count="0"/>
      <line num="396" type="stmt" count="0"/>
      <line num="397" type="stmt" count="0"/>
      <line num="399" type="stmt" count="0"/>
      <line num="401" type="stmt" count="0"/>
      <line num="402" type="stmt" count="0"/>
      <line num="403" type="stmt" count="0"/>
      <line num="404" type="stmt" count="0"/>
      <line num="406" type="stmt" count="0"/>
      <line num="408" type="stmt" count="0"/>
      <line num="411" type="method" name="getRequestPartsFrom" visibility="public" complexity="7" crap="7.12" count="6"/>
      <line num="412" type="stmt" count="6"/>
      <line num="413" type="stmt" count="6"/>
      <line num="414" type="stmt" count="6"/>
      <line num="415" type="stmt" count="0"/>
      <line num="416" type="stmt" count="6"/>
      <line num="417" type="stmt" count="0"/>
      <line num="419" type="stmt" count="6"/>
      <line num="420" type="stmt" count="6"/>
      <line num="421" type="stmt" count="6"/>
      <line num="422" type="stmt" count="6"/>
      <line num="423" type="stmt" count="6"/>
      <line num="424" type="stmt" count="6"/>
      <line num="426" type="stmt" count="6"/>
      <line num="427" type="stmt" count="6"/>
      <line num="428" type="stmt" count="6"/>
      <line num="431" type="method" name="encodeJSONforHTML" visibility="public" complexity="3" crap="3" count="1"/>
      <line num="432" type="stmt" count="1"/>
      <line num="433" type="method" name="anonymousFunction:433#3209" complexity="2" crap="2" count="1"/>
      <line num="434" type="stmt" count="1"/>
      <line num="435" type="stmt" count="1"/>
      <line num="437" type="stmt" count="1"/>
      <line num="439" type="stmt" count="0"/>
      <line num="440" type="stmt" count="1"/>
      <line num="443" type="method" name="getHeaders" complexity="3" crap="12" count="0"/>
      <line num="444" type="stmt" count="0"/>
      <line num="445" type="stmt" count="0"/>
      <line num="446" type="stmt" count="0"/>
      <line num="447" type="stmt" count="0"/>
      <line num="450" type="stmt" count="0"/>
      <line num="456" type="stmt" count="0"/>
      <line num="457" type="stmt" count="0"/>
      <line num="458" type="stmt" count="0"/>
      <line num="459" type="stmt" count="0"/>
      <line num="460" type="stmt" count="0"/>
      <line num="463" type="stmt" count="0"/>
      <metrics loc="467" ncloc="452" classes="4" methods="42" coveredmethods="26" conditionals="0" coveredconditionals="0" statements="220" coveredstatements="152" elements="262" coveredelements="178"/>
    </file>
    <metrics files="1" loc="467" ncloc="452" classes="4" methods="42" coveredmethods="26" conditionals="0" coveredconditionals="0" statements="220" coveredstatements="152" elements="262" coveredelements="178"/>
  </project>
</coverage>
